<?xml version="1.0" encoding="UTF-8"?>
<testsuite name="com.example.project.TestDay1" tests="3" skipped="0" failures="0" errors="0" timestamp="2024-12-18T17:16:41" hostname="codespaces-2f2c51" time="0.071">
  <properties/>
  <testcase name="testGenerateElfNameHasValidSuffix()" classname="com.example.project.TestDay1" time="0.04"/>
  <testcase name="testGenerateElfNameThrowsExceptionForEmptyName()" classname="com.example.project.TestDay1" time="0.016"/>
  <testcase name="testGenerateElfNameContainsName()" classname="com.example.project.TestDay1" time="0.005"/>
  <system-out><![CDATA[]]></system-out>
  <system-err><![CDATA[]]></system-err>
</testsuite>
