<?xml version="1.0" encoding="UTF-8"?>
<testsuite name="com.example.project.TestDay2" tests="1" skipped="0" failures="0" errors="0" timestamp="2024-12-18T17:16:41" hostname="codespaces-2f2c51" time="0.006">
  <properties/>
  <testcase name="testSortNames()" classname="com.example.project.TestDay2" time="0.006"/>
  <system-out><![CDATA[]]></system-out>
  <system-err><![CDATA[]]></system-err>
</testsuite>
